go : package postlang
At line:1 char:23
+ ... H="amd64" ; go 
build -ldflags="-H 
windowsgui" -o 
postlang.exe . 2>&1  
...
+                 ~~~
~~~~~~~~~~~~~~~~~~~~~
~~~~~~~~~~~~~~~~~~~~~
~~~~~~~~~~~
    + CategoryInfo   
           : NotSpe  
  cified: (package   
  postlang:String    
) [], RemoteExce    
ption
    + FullyQualified 
   ErrorId : Native  
  CommandError
 
	imports 
fyne.io/fyne/v2/app
	imports fyne.io/fyne
/v2/internal/driver/g
lfw
	imports fyne.io/fyne
/v2/internal/driver/c
ommon
	imports fyne.io/fyne
/v2/internal/painter/
gl
	imports github.com/g
o-gl/gl/v2.1/gl: 
build constraints 
exclude all Go files 
in D:\postlang\vendor
\github.com\go-gl\gl\
v2.1\gl
