go : 2026/03/09 
15:14:09 TTM_ADDTOOL 
failed
At line:1 char:1
+ go run main.go 
openapi.go 
http_client.go 2>&1 
| Out-File -Encoding 
ut ...
+ ~~~~~~~~~~~~~~~~~~~
~~~~~~~~~~~~~~~~~~~~~
~~~~~
    + CategoryInfo   
           : NotSpe  
  cified: (2026/03   
 /09 15:14:09 TTM    
_ADDTOOL failed:    
String) [], Remo    
teException
    + FullyQualified 
   ErrorId : Native  
  CommandError
 

Stack:
goroutine 1 
[running, locked to 
thread]:
runtime/debug.Stack()
	C:/Program Files (x8
6)/Go/src/runtime/deb
ug/stack.go:26 +0x81
github.com/lxn/walk.n
ewErr(...)
	C:/Users/Sorcim comp
uter/go/pkg/mod/githu
b.com/lxn/walk@v0.0.0
-20210112085537-c389d
a54e794/error.go:81
github.com/lxn/walk.n
ewError({0xebdbcf, 
0x12})
	C:/Users/Sorcim comp
uter/go/pkg/mod/githu
b.com/lxn/walk@v0.0.0
-20210112085537-c389d
a54e794/error.go:85 
+0x1c
github.com/lxn/walk.(
*ToolTip).addTool(0x2
0b6008, 0xad0118, 
0x0)
	C:/Users/Sorcim comp
uter/go/pkg/mod/githu
b.com/lxn/walk@v0.0.0
-20210112085537-c389d
a54e794/tooltip.go:18
4 +0xaa
github.com/lxn/walk.(
*ToolTip).AddTool(0x2
0b6008, {0xf819c0, 
0x20a2388})
	C:/Users/Sorcim comp
uter/go/pkg/mod/githu
b.com/lxn/walk@v0.0.0
-20210112085537-c389d
a54e794/tooltip.go:16
0 +0x48
github.com/lxn/walk.(
*WidgetBase).init(0x2
0a2388, {0xf819c0, 
0x20a2388})
	C:/Users/Sorcim comp
uter/go/pkg/mod/githu
b.com/lxn/walk@v0.0.0
-20210112085537-c389d
a54e794/widget.go:137
 +0xd7
github.com/lxn/walk.i
nitWindowWithCfg(0x21
1b56c)
	C:/Users/Sorcim comp
uter/go/pkg/mod/githu
b.com/lxn/walk@v0.0.0
-20210112085537-c389d
a54e794/window.go:670
 +0x686
github.com/lxn/walk.I
nitWindow(...)
	C:/Users/Sorcim comp
uter/go/pkg/mod/githu
b.com/lxn/walk@v0.0.0
-20210112085537-c389d
a54e794/window.go:538
github.com/lxn/walk.I
nitWidget({0xf819c0, 
0x20a2388}, 
{0xf7ec34, 
0x20041e8}, 
{0xec5bba, 0x1c}, 
0x50000000, 0x10000)
	C:/Users/Sorcim comp
uter/go/pkg/mod/githu
b.com/lxn/walk@v0.0.0
-20210112085537-c389d
a54e794/widget.go:110
 +0xa3
github.com/lxn/walk.N
ewCompositeWithStyle(
{0xf7ec34, 
0x20041e8}, 0x0)
	C:/Users/Sorcim comp
uter/go/pkg/mod/githu
b.com/lxn/walk@v0.0.0
-20210112085537-c389d
a54e794/composite.go:
30 +0xc9
github.com/lxn/walk.N
ewComposite(...)
	C:/Users/Sorcim comp
uter/go/pkg/mod/githu
b.com/lxn/walk@v0.0.0
-20210112085537-c389d
a54e794/composite.go:
45
github.com/lxn/walk.(
*FormBase).init(0x200
41e8, {0xf82028, 
0x20041e8})
	C:/Users/Sorcim comp
uter/go/pkg/mod/githu
b.com/lxn/walk@v0.0.0
-20210112085537-c389d
a54e794/form.go:107 
+0x75
github.com/lxn/walk.i
nitWindowWithCfg(0x21
1b700)
	C:/Users/Sorcim comp
uter/go/pkg/mod/githu
b.com/lxn/walk@v0.0.0
-20210112085537-c389d
a54e794/window.go:662
 +0x613
github.com/lxn/walk.N
ewMainWindowWithCfg(0
x211b89c)
	C:/Users/Sorcim comp
uter/go/pkg/mod/githu
b.com/lxn/walk@v0.0.0
-20210112085537-c389d
a54e794/mainwindow.go
:48 +0xdf
github.com/lxn/walk/d
eclarative.MainWindow
.Create({{{0x0, 
0x0}, {0x0, 0x0}, 
{0x0, 0x0}, {0x0, 
0x0}, {0x0, 0x0}, 
...}, ...})
	C:/Users/Sorcim comp
uter/go/pkg/mod/githu
b.com/lxn/walk@v0.0.0
-20210112085537-c389d
a54e794/declarative/m
ainwindow.go:64 +0xf2
main.main()
	D:/postlang/main.go:
51 +0x458
exit status 1
