go : 2026/03/09 
15:22:55 TTM_ADDTOOL 
failed
At line:1 char:1
+ go run main.go 
openapi.go 
http_client.go 2>&1 
| Out-File -Encoding 
ut ...
+ ~~~~~~~~~~~~~~~~~~~
~~~~~~~~~~~~~~~~~~~~~
~~~~~
    + CategoryInfo   
           : NotSpe  
  cified: (2026/03   
 /09 15:22:55 TTM    
_ADDTOOL failed:    
String) [], Remo    
teException
    + FullyQualified 
   ErrorId : Native  
  CommandError
 

Stack:
goroutine 1 
[running, locked to 
thread]:
runtime/debug.Stack()
	C:/Program Files (x8
6)/Go/src/runtime/deb
ug/stack.go:26 +0x81
github.com/lxn/walk.n
ewErr(...)
	C:/Users/Sorcim comp
uter/go/pkg/mod/githu
b.com/lxn/walk@v0.0.0
-20210112085537-c389d
a54e794/error.go:81
github.com/lxn/walk.n
ewError({0x110dbde, 
0x12})
	C:/Users/Sorcim comp
uter/go/pkg/mod/githu
b.com/lxn/walk@v0.0.0
-20210112085537-c389d
a54e794/error.go:85 
+0x1c
github.com/lxn/walk.(
*ToolTip).addTool(0x1
d02648, 0x130d46, 
0x0)
	C:/Users/Sorcim comp
uter/go/pkg/mod/githu
b.com/lxn/walk@v0.0.0
-20210112085537-c389d
a54e794/tooltip.go:18
4 +0xaa
github.com/lxn/walk.(
*ToolTip).AddTool(0x1
d02648, {0x11d19e0, 
0x1d36008})
	C:/Users/Sorcim comp
uter/go/pkg/mod/githu
b.com/lxn/walk@v0.0.0
-20210112085537-c389d
a54e794/tooltip.go:16
0 +0x48
github.com/lxn/walk.(
*WidgetBase).init(0x1
d36008, {0x11d19e0, 
0x1d36008})
	C:/Users/Sorcim comp
uter/go/pkg/mod/githu
b.com/lxn/walk@v0.0.0
-20210112085537-c389d
a54e794/widget.go:137
 +0xd7
github.com/lxn/walk.i
nitWindowWithCfg(0x1d
1b568)
	C:/Users/Sorcim comp
uter/go/pkg/mod/githu
b.com/lxn/walk@v0.0.0
-20210112085537-c389d
a54e794/window.go:670
 +0x686
github.com/lxn/walk.I
nitWindow(...)
	C:/Users/Sorcim comp
uter/go/pkg/mod/githu
b.com/lxn/walk@v0.0.0
-20210112085537-c389d
a54e794/window.go:538
github.com/lxn/walk.I
nitWidget({0x11d19e0,
 0x1d36008}, 
{0x11cec54, 
0x1c041e8}, 
{0x1115bc9, 0x1c}, 
0x50000000, 0x10000)
	C:/Users/Sorcim comp
uter/go/pkg/mod/githu
b.com/lxn/walk@v0.0.0
-20210112085537-c389d
a54e794/widget.go:110
 +0xa3
github.com/lxn/walk.N
ewCompositeWithStyle(
{0x11cec54, 
0x1c041e8}, 0x0)
	C:/Users/Sorcim comp
uter/go/pkg/mod/githu
b.com/lxn/walk@v0.0.0
-20210112085537-c389d
a54e794/composite.go:
30 +0xc9
github.com/lxn/walk.N
ewComposite(...)
	C:/Users/Sorcim comp
uter/go/pkg/mod/githu
b.com/lxn/walk@v0.0.0
-20210112085537-c389d
a54e794/composite.go:
45
github.com/lxn/walk.(
*FormBase).init(0x1c0
41e8, {0x11d2048, 
0x1c041e8})
	C:/Users/Sorcim comp
uter/go/pkg/mod/githu
b.com/lxn/walk@v0.0.0
-20210112085537-c389d
a54e794/form.go:107 
+0x75
github.com/lxn/walk.i
nitWindowWithCfg(0x1d
1b6fc)
	C:/Users/Sorcim comp
uter/go/pkg/mod/githu
b.com/lxn/walk@v0.0.0
-20210112085537-c389d
a54e794/window.go:662
 +0x613
github.com/lxn/walk.N
ewMainWindowWithCfg(0
x1d1b898)
	C:/Users/Sorcim comp
uter/go/pkg/mod/githu
b.com/lxn/walk@v0.0.0
-20210112085537-c389d
a54e794/mainwindow.go
:48 +0xdf
github.com/lxn/walk/d
eclarative.MainWindow
.Create({{{0x0, 
0x0}, {0x0, 0x0}, 
{0x0, 0x0}, {0x0, 
0x0}, {0x0, 0x0}, 
...}, ...})
	C:/Users/Sorcim comp
uter/go/pkg/mod/githu
b.com/lxn/walk@v0.0.0
-20210112085537-c389d
a54e794/declarative/m
ainwindow.go:64 +0xf2
main.main()
	D:/postlang/main.go:
57 +0x4b9
exit status 1
